<?xml version="1.0" encoding="UTF-8"?>
<!-- Generated by org.testng.reporters.JUnitReportReporter -->
<testsuite skipped="0" hostname="DESKTOP-LGMDSEM" name="PageObject.Page.TestLoginPage" tests="1" failures="0" timestamp="18 Sep 2018 11:13:06 GMT" time="138.078" errors="0">
  <testcase name="testLoginToLinkedIn" time="138.078" classname="PageObject.Page.TestLoginPage"/>
</testsuite> <!-- PageObject.Page.TestLoginPage -->
