<?xml version="1.0" encoding="UTF-8"?>
<!-- Generated by org.testng.reporters.JUnitReportReporter -->
<testsuite skipped="0" hostname="DESKTOP-LGMDSEM" name="PageObject.Humingo_Demo.TestHUM02SearchProduct" tests="1" failures="0" timestamp="16 Oct 2018 04:15:14 GMT" time="38.125" errors="0">
  <testcase name="testSearchProduct" time="38.125" classname="PageObject.Humingo_Demo.TestHUM02SearchProduct"/>
</testsuite> <!-- PageObject.Humingo_Demo.TestHUM02SearchProduct -->
