<?xml version="1.0" encoding="UTF-8"?>
<!-- Generated by org.testng.reporters.JUnitReportReporter -->
<testsuite skipped="0" hostname="DESKTOP-LGMDSEM" name="PageObject.Page.TestRegisterNewUser" tests="1" failures="0" timestamp="19 Sep 2018 05:36:52 GMT" time="6.733" errors="0">
  <testcase name="testRegisterNewUser" time="6.733" classname="PageObject.Page.TestRegisterNewUser"/>
</testsuite> <!-- PageObject.Page.TestRegisterNewUser -->
