<?xml version="1.0" encoding="UTF-8"?>
<!-- Generated by org.testng.reporters.JUnitReportReporter -->
<testsuite skipped="0" hostname="DESKTOP-LGMDSEM" name="PageObject.Humingo_Demo.TestHUM03AddToShortlist" tests="1" failures="0" timestamp="16 Oct 2018 04:16:14 GMT" time="41.894" errors="0">
  <testcase name="testAddToShortlist" time="41.894" classname="PageObject.Humingo_Demo.TestHUM03AddToShortlist"/>
</testsuite> <!-- PageObject.Humingo_Demo.TestHUM03AddToShortlist -->
