<?xml version="1.0" encoding="UTF-8"?>
<!-- Generated by org.testng.reporters.JUnitReportReporter -->
<testsuite skipped="0" hostname="DESKTOP-SOVJT91" name="PageObject.Page.TestAddToShortlist" tests="1" failures="0" timestamp="19 Sep 2018 12:02:54 GMT" time="43.904" errors="0">
  <testcase name="testSearchProduct" time="43.904" classname="PageObject.Page.TestAddToShortlist"/>
</testsuite> <!-- PageObject.Page.TestAddToShortlist -->
