<?xml version="1.0" encoding="UTF-8"?>
<!-- Generated by org.testng.reporters.JUnitReportReporter -->
<testsuite skipped="0" hostname="DESKTOP-LGMDSEM" name="PageObject.Humingo_Demo.TestHUM04AddToShortlistFromProductDetails" tests="1" failures="0" timestamp="16 Oct 2018 04:17:07 GMT" time="45.041" errors="0">
  <testcase name="testAddToShortlistFromProductDetails" time="45.041" classname="PageObject.Humingo_Demo.TestHUM04AddToShortlistFromProductDetails"/>
</testsuite> <!-- PageObject.Humingo_Demo.TestHUM04AddToShortlistFromProductDetails -->
