<?xml version="1.0" encoding="UTF-8"?>
<!-- Generated by org.testng.reporters.JUnitReportReporter -->
<testsuite skipped="0" hostname="DESKTOP-SOVJT91" name="PageObject.Page.TestSearchProduct" tests="1" failures="0" timestamp="19 Sep 2018 09:26:40 GMT" time="23.858" errors="0">
  <testcase name="testSearchProduct" time="23.858" classname="PageObject.Page.TestSearchProduct"/>
</testsuite> <!-- PageObject.Page.TestSearchProduct -->
