<?xml version="1.0" encoding="UTF-8"?>
<!-- Generated by org.testng.reporters.JUnitReportReporter -->
<testsuite skipped="0" hostname="DESKTOP-LGMDSEM" name="PageObject.Humingo_Demo.TestHUM01VerifyLogin" tests="1" failures="0" timestamp="16 Nov 2018 13:02:27 GMT" time="4.765" errors="0">
  <testcase name="testVerifyLogin" time="4.765" classname="PageObject.Humingo_Demo.TestHUM01VerifyLogin"/>
</testsuite> <!-- PageObject.Humingo_Demo.TestHUM01VerifyLogin -->
